2024-04-04T19:06:17+00:00 CRITICAL Out of memory (allocated 31457280) (tried to allocate 2097152 bytes) in /wordpress/wp-content/plugins/ecommerce-product-catalog/includes/widgets/category-widget.php on line 106

2024-04-04T19:06:17+00:00 CRITICAL Out of memory (allocated 29360128) (tried to allocate 2097152 bytes) in /wordpress/wp-content/plugins/ecommerce-product-catalog/includes/widgets/category-widget.php on line 106

2024-04-04T19:06:17+00:00 CRITICAL Out of memory (allocated 27262976) (tried to allocate 2097152 bytes) in /wordpress/wp-content/plugins/ecommerce-product-catalog/includes/widgets/category-widget.php on line 106

2024-04-04T19:06:18+00:00 CRITICAL Out of memory (allocated 27262976) (tried to allocate 2097152 bytes) in /wordpress/wp-content/plugins/ecommerce-product-catalog/includes/widgets/category-widget.php on line 106

2024-04-04T19:06:18+00:00 CRITICAL Out of memory (allocated 27262976) (tried to allocate 2097152 bytes) in /wordpress/wp-content/plugins/ecommerce-product-catalog/includes/widgets/category-widget.php on line 106

2024-04-04T19:06:18+00:00 CRITICAL Out of memory (allocated 27262976) (tried to allocate 2097152 bytes) in /wordpress/wp-content/plugins/ecommerce-product-catalog/includes/widgets/category-widget.php on line 106

2024-04-04T19:06:18+00:00 CRITICAL Out of memory (allocated 27262976) (tried to allocate 2097152 bytes) in /wordpress/wp-content/plugins/ecommerce-product-catalog/includes/widgets/category-widget.php on line 106

2024-04-04T19:06:18+00:00 CRITICAL Out of memory (allocated 27262976) (tried to allocate 2097152 bytes) in /wordpress/wp-content/plugins/ecommerce-product-catalog/includes/widgets/category-widget.php on line 106

2024-04-04T19:06:46+00:00 CRITICAL Out of memory (allocated 27262976) (tried to allocate 2097152 bytes) in /wordpress/wp-content/plugins/ecommerce-product-catalog/includes/settings/image-sizes.php on line 203

2024-04-04T19:07:00+00:00 CRITICAL Out of memory (allocated 27262976) (tried to allocate 2097152 bytes) in /wordpress/wp-content/plugins/ecommerce-product-catalog/includes/widgets/category-widget.php on line 106

2024-04-04T19:07:00+00:00 CRITICAL Out of memory (allocated 27262976) (tried to allocate 2097152 bytes) in /wordpress/wp-content/plugins/ecommerce-product-catalog/includes/widgets/category-widget.php on line 106

2024-04-04T19:07:00+00:00 CRITICAL Out of memory (allocated 27262976) (tried to allocate 2097152 bytes) in /wordpress/wp-content/plugins/ecommerce-product-catalog/includes/widgets/category-widget.php on line 106

2024-04-04T19:07:01+00:00 CRITICAL Out of memory (allocated 27262976) (tried to allocate 2097152 bytes) in /wordpress/wp-content/plugins/ecommerce-product-catalog/includes/widgets/category-widget.php on line 106

2024-04-04T19:07:16+00:00 CRITICAL Out of memory (allocated 27262976) (tried to allocate 2097152 bytes) in /wordpress/wp-content/plugins/ecommerce-product-catalog/includes/settings/image-sizes.php on line 203

2024-04-04T19:07:26+00:00 CRITICAL Out of memory (allocated 27262976) (tried to allocate 2097152 bytes) in /wordpress/wp-content/plugins/ecommerce-product-catalog/includes/widgets/category-widget.php on line 106

2024-04-04T19:07:27+00:00 CRITICAL Out of memory (allocated 27262976) (tried to allocate 2097152 bytes) in /wordpress/wp-content/plugins/ecommerce-product-catalog/includes/widgets/category-widget.php on line 106

2024-04-04T19:07:36+00:00 CRITICAL Out of memory (allocated 27262976) (tried to allocate 2097152 bytes) in /wordpress/wp-content/plugins/ecommerce-product-catalog/includes/settings/extension-info.php on line 21

2024-04-04T19:07:37+00:00 CRITICAL Out of memory (allocated 27262976) (tried to allocate 2097152 bytes) in /wordpress/wp-content/plugins/ecommerce-product-catalog/includes/settings/search.php on line 483

2024-04-04T19:07:38+00:00 CRITICAL Out of memory (allocated 27262976) (tried to allocate 2097152 bytes) in /wordpress/wp-content/plugins/ecommerce-product-catalog/includes/settings/image-sizes.php on line 203

2024-04-04T19:07:43+00:00 CRITICAL Out of memory (allocated 27262976) (tried to allocate 2097152 bytes) in /wordpress/wp-content/plugins/ecommerce-product-catalog/includes/settings/extension-info.php on line 21

2024-04-04T19:07:44+00:00 CRITICAL Out of memory (allocated 27262976) (tried to allocate 2097152 bytes) in /wordpress/wp-content/plugins/ecommerce-product-catalog/includes/settings/image-sizes.php on line 203

2024-04-04T19:36:43+00:00 CRITICAL Out of memory (allocated 31457280) (tried to allocate 2097152 bytes) in /wordpress/wp-content/plugins/ecommerce-product-catalog/includes/settings/custom-design.php on line 30

2024-04-04T19:36:45+00:00 CRITICAL Out of memory (allocated 29360128) (tried to allocate 2097152 bytes) in /wordpress/wp-content/plugins/ecommerce-product-catalog/includes/settings/custom-design.php on line 270

2024-04-04T19:36:47+00:00 CRITICAL Out of memory (allocated 27262976) (tried to allocate 2097152 bytes) in /wordpress/wp-content/plugins/ecommerce-product-catalog/includes/settings/custom-design.php on line 270

2024-04-04T19:36:48+00:00 CRITICAL Out of memory (allocated 27262976) (tried to allocate 2097152 bytes) in /wordpress/wp-content/plugins/ecommerce-product-catalog/includes/settings/custom-design.php on line 27

2024-04-04T19:36:49+00:00 CRITICAL Out of memory (allocated 27262976) (tried to allocate 2097152 bytes) in /wordpress/wp-content/plugins/ecommerce-product-catalog/includes/settings/custom-design.php on line 270

2024-04-04T19:36:53+00:00 CRITICAL Out of memory (allocated 27262976) (tried to allocate 2097152 bytes) in /wordpress/wp-content/plugins/ecommerce-product-catalog/includes/settings/custom-design.php on line 27

2024-04-04T19:36:59+00:00 CRITICAL Out of memory (allocated 27262976) (tried to allocate 2097152 bytes) in /wordpress/wp-content/plugins/ecommerce-product-catalog/includes/settings/custom-design.php on line 270

2024-04-04T19:36:59+00:00 CRITICAL Out of memory (allocated 27262976) (tried to allocate 2097152 bytes) in /wordpress/wp-content/plugins/ecommerce-product-catalog/includes/settings/custom-design.php on line 27

2024-04-04T19:37:03+00:00 CRITICAL Out of memory (allocated 27262976) (tried to allocate 2097152 bytes) in /wordpress/wp-content/plugins/ecommerce-product-catalog/includes/settings/custom-design.php on line 270

2024-04-04T20:04:22+00:00 CRITICAL Out of memory (allocated 31457280) (tried to allocate 2097152 bytes) in /wordpress/wp-content/plugins/ecommerce-product-catalog/includes/settings/custom-design.php on line 299

2024-04-04T20:04:22+00:00 CRITICAL Out of memory (allocated 29360128) (tried to allocate 2097152 bytes) in /wordpress/wp-content/plugins/ecommerce-product-catalog/includes/settings/custom-design.php on line 299

2024-04-04T20:04:22+00:00 CRITICAL Out of memory (allocated 27262976) (tried to allocate 2097152 bytes) in /wordpress/wp-content/plugins/ecommerce-product-catalog/includes/settings/custom-design.php on line 299

2024-04-04T20:04:22+00:00 CRITICAL Out of memory (allocated 27262976) (tried to allocate 2097152 bytes) in /wordpress/wp-content/plugins/ecommerce-product-catalog/includes/settings/custom-design.php on line 299

2024-04-04T20:04:23+00:00 CRITICAL Out of memory (allocated 27262976) (tried to allocate 2097152 bytes) in /wordpress/wp-content/plugins/ecommerce-product-catalog/includes/settings/custom-design.php on line 299

2024-04-04T20:04:23+00:00 CRITICAL Out of memory (allocated 27262976) (tried to allocate 2097152 bytes) in /wordpress/wp-content/plugins/ecommerce-product-catalog/includes/settings/custom-design.php on line 299

2024-04-04T20:04:23+00:00 CRITICAL Out of memory (allocated 27262976) (tried to allocate 2097152 bytes) in /wordpress/wp-content/plugins/ecommerce-product-catalog/includes/settings/custom-design.php on line 299

2024-04-04T20:04:23+00:00 CRITICAL Out of memory (allocated 27262976) (tried to allocate 2097152 bytes) in /wordpress/wp-content/plugins/ecommerce-product-catalog/includes/settings/custom-design.php on line 299

2024-04-04T20:04:23+00:00 CRITICAL Out of memory (allocated 27262976) (tried to allocate 2097152 bytes) in /wordpress/wp-content/plugins/ecommerce-product-catalog/includes/settings/custom-design.php on line 299

2024-04-04T20:04:23+00:00 CRITICAL Out of memory (allocated 27262976) (tried to allocate 2097152 bytes) in /wordpress/wp-content/plugins/ecommerce-product-catalog/includes/settings/custom-design.php on line 299

2024-04-04T20:04:23+00:00 CRITICAL Out of memory (allocated 27262976) (tried to allocate 2097152 bytes) in /wordpress/wp-content/plugins/ecommerce-product-catalog/includes/settings/custom-design.php on line 299

2024-04-04T20:04:24+00:00 CRITICAL Out of memory (allocated 27262976) (tried to allocate 2097152 bytes) in /wordpress/wp-content/plugins/ecommerce-product-catalog/includes/settings/custom-design.php on line 299

2024-04-04T20:04:24+00:00 CRITICAL Out of memory (allocated 27262976) (tried to allocate 2097152 bytes) in /wordpress/wp-content/plugins/ecommerce-product-catalog/includes/settings/custom-design.php on line 299

2024-04-04T20:04:24+00:00 CRITICAL Out of memory (allocated 27262976) (tried to allocate 2097152 bytes) in /wordpress/wp-content/plugins/ecommerce-product-catalog/includes/settings/custom-design.php on line 299

2024-04-04T20:04:24+00:00 CRITICAL Out of memory (allocated 27262976) (tried to allocate 2097152 bytes) in /wordpress/wp-content/plugins/ecommerce-product-catalog/includes/settings/custom-design.php on line 299

2024-04-04T20:04:24+00:00 CRITICAL Out of memory (allocated 27262976) (tried to allocate 2097152 bytes) in /wordpress/wp-content/plugins/ecommerce-product-catalog/includes/settings/custom-design.php on line 299

2024-04-04T20:04:24+00:00 CRITICAL Out of memory (allocated 27262976) (tried to allocate 2097152 bytes) in /wordpress/wp-content/plugins/ecommerce-product-catalog/includes/settings/custom-design.php on line 299

2024-04-04T20:04:25+00:00 CRITICAL Out of memory (allocated 27262976) (tried to allocate 2097152 bytes) in /wordpress/wp-content/plugins/ecommerce-product-catalog/includes/settings/custom-design.php on line 299

2024-04-04T20:04:25+00:00 CRITICAL Out of memory (allocated 27262976) (tried to allocate 2097152 bytes) in /wordpress/wp-content/plugins/ecommerce-product-catalog/includes/settings/custom-design.php on line 299

2024-04-04T20:04:25+00:00 CRITICAL Out of memory (allocated 27262976) (tried to allocate 2097152 bytes) in /wordpress/wp-content/plugins/ecommerce-product-catalog/includes/settings/custom-design.php on line 299

2024-04-04T20:04:25+00:00 CRITICAL Out of memory (allocated 27262976) (tried to allocate 2097152 bytes) in /wordpress/wp-content/plugins/ecommerce-product-catalog/includes/settings/custom-design.php on line 299

2024-04-04T20:04:25+00:00 CRITICAL Out of memory (allocated 27262976) (tried to allocate 2097152 bytes) in /wordpress/wp-content/plugins/ecommerce-product-catalog/includes/settings/custom-design.php on line 299

2024-04-04T20:04:25+00:00 CRITICAL Out of memory (allocated 27262976) (tried to allocate 2097152 bytes) in /wordpress/wp-content/plugins/ecommerce-product-catalog/includes/settings/custom-design.php on line 299

2024-04-04T20:04:25+00:00 CRITICAL Out of memory (allocated 27262976) (tried to allocate 2097152 bytes) in /wordpress/wp-content/plugins/ecommerce-product-catalog/includes/settings/custom-design.php on line 299

2024-04-04T20:04:26+00:00 CRITICAL Out of memory (allocated 27262976) (tried to allocate 2097152 bytes) in /wordpress/wp-content/plugins/ecommerce-product-catalog/includes/settings/custom-design.php on line 299

2024-04-04T20:04:26+00:00 CRITICAL Out of memory (allocated 27262976) (tried to allocate 2097152 bytes) in /wordpress/wp-content/plugins/ecommerce-product-catalog/includes/settings/custom-design.php on line 19

2024-04-04T20:04:35+00:00 CRITICAL Out of memory (allocated 27262976) (tried to allocate 2097152 bytes) in /wordpress/wp-content/plugins/ecommerce-product-catalog/includes/settings/custom-design.php on line 299

2024-04-04T20:05:46+00:00 CRITICAL Out of memory (allocated 27262976) (tried to allocate 2097152 bytes) in /wordpress/wp-content/plugins/ecommerce-product-catalog/includes/settings/custom-design.php on line 19

2024-04-04T20:05:47+00:00 CRITICAL Out of memory (allocated 27262976) (tried to allocate 2097152 bytes) in /wordpress/wp-content/plugins/ecommerce-product-catalog/includes/settings/custom-names.php on line 25

2024-04-04T20:05:49+00:00 CRITICAL Out of memory (allocated 27262976) (tried to allocate 2097152 bytes) in /wordpress/wp-content/plugins/ecommerce-product-catalog/includes/settings/custom-names.php on line 25

2024-04-04T20:05:51+00:00 CRITICAL Out of memory (allocated 27262976) (tried to allocate 2097152 bytes) in /wordpress/wp-content/plugins/ecommerce-product-catalog/includes/settings/custom-design.php on line 19

2024-04-04T20:17:17+00:00 CRITICAL Out of memory (allocated 31457280) (tried to allocate 2097152 bytes) in /wordpress/wp-content/plugins/ecommerce-product-catalog/includes/settings/custom-design.php on line 261

2024-04-04T20:17:19+00:00 CRITICAL Out of memory (allocated 29360128) (tried to allocate 2097152 bytes) in /wordpress/wp-content/plugins/ecommerce-product-catalog/includes/settings/custom-design.php on line 18

2024-04-04T20:17:19+00:00 CRITICAL Out of memory (allocated 27262976) (tried to allocate 2097152 bytes) in /wordpress/wp-content/plugins/ecommerce-product-catalog/includes/settings/custom-design.php on line 261

2024-04-04T20:17:24+00:00 CRITICAL Out of memory (allocated 27262976) (tried to allocate 2097152 bytes) in /wordpress/wp-content/plugins/ecommerce-product-catalog/includes/settings/custom-design.php on line 18

2024-04-04T20:17:44+00:00 CRITICAL Out of memory (allocated 27262976) (tried to allocate 2097152 bytes) in /wordpress/wp-content/plugins/ecommerce-product-catalog/includes/settings/custom-design.php on line 18

